2017-04-11 14:33:58,082  INFO SpringBootTestContextBootstrapper:319 - Neither @ContextConfiguration nor @ContextHierarchy found for test class [com.didispace.ApplicationTests], using SpringBootContextLoader
2017-04-11 14:33:58,099  INFO AbstractContextLoader:264 - Could not detect default resource locations for test class [com.didispace.ApplicationTests]: no resource found for suffixes {-context.xml, Context.groovy}.
2017-04-11 14:33:58,171  INFO SpringBootTestContextBootstrapper:260 - Loaded default TestExecutionListener class names from location [META-INF/spring.factories]: [org.springframework.boot.test.mock.mockito.MockitoTestExecutionListener, org.springframework.boot.test.mock.mockito.ResetMocksTestExecutionListener, org.springframework.boot.test.autoconfigure.restdocs.RestDocsTestExecutionListener, org.springframework.boot.test.autoconfigure.web.client.MockRestServiceServerResetTestExecutionListener, org.springframework.boot.test.autoconfigure.web.servlet.MockMvcPrintOnlyOnFailureTestExecutionListener, org.springframework.boot.test.autoconfigure.web.servlet.WebDriverTestExecutionListener, org.springframework.test.context.web.ServletTestExecutionListener, org.springframework.test.context.support.DirtiesContextBeforeModesTestExecutionListener, org.springframework.test.context.support.DependencyInjectionTestExecutionListener, org.springframework.test.context.support.DirtiesContextTestExecutionListener, org.springframework.test.context.transaction.TransactionalTestExecutionListener, org.springframework.test.context.jdbc.SqlScriptsTestExecutionListener]
2017-04-11 14:33:58,186  INFO SpringBootTestContextBootstrapper:209 - Could not instantiate TestExecutionListener [org.springframework.test.context.jdbc.SqlScriptsTestExecutionListener]. Specify custom listener classes or make the default listener classes (and their required dependencies) available. Offending class: [org/springframework/transaction/interceptor/TransactionAttribute]
2017-04-11 14:33:58,188  INFO SpringBootTestContextBootstrapper:209 - Could not instantiate TestExecutionListener [org.springframework.test.context.transaction.TransactionalTestExecutionListener]. Specify custom listener classes or make the default listener classes (and their required dependencies) available. Offending class: [org/springframework/transaction/interceptor/TransactionAttributeSource]
2017-04-11 14:33:58,189  INFO SpringBootTestContextBootstrapper:187 - Using TestExecutionListeners: [org.springframework.test.context.web.ServletTestExecutionListener@396f6598, org.springframework.test.context.support.DirtiesContextBeforeModesTestExecutionListener@394e1a0f, org.springframework.boot.test.autoconfigure.SpringBootDependencyInjectionTestExecutionListener@27a5f880, org.springframework.test.context.support.DirtiesContextTestExecutionListener@1d29cf23, org.springframework.boot.test.mock.mockito.ResetMocksTestExecutionListener@5f282abb, org.springframework.boot.test.autoconfigure.web.client.MockRestServiceServerResetTestExecutionListener@167fdd33, org.springframework.boot.test.autoconfigure.web.servlet.MockMvcPrintOnlyOnFailureTestExecutionListener@1e965684, org.springframework.boot.test.autoconfigure.web.servlet.WebDriverTestExecutionListener@4d95d2a2, org.springframework.boot.test.autoconfigure.restdocs.RestDocsTestExecutionListener@53f65459, org.springframework.boot.test.mock.mockito.MockitoTestExecutionListener@3b088d51]
2017-04-11 14:33:58,542  INFO ApplicationTests:48 - Starting ApplicationTests on DESKTOP-30C6FC7 with PID 2256 (started by linxianqing in D:\code\poject\demo\demo\index4-2-4)
2017-04-11 14:33:58,542 DEBUG ApplicationTests:51 - Running with Spring Boot v1.5.2.RELEASE, Spring v4.3.7.RELEASE
2017-04-11 14:33:58,543  INFO ApplicationTests:637 - No active profile set, falling back to default profiles: default
2017-04-11 14:33:58,641  INFO GenericWebApplicationContext:582 - Refreshing org.springframework.web.context.support.GenericWebApplicationContext@481a996b: startup date [Tue Apr 11 14:33:58 CST 2017]; root of context hierarchy
2017-04-11 14:33:59,800  INFO Version:30 - HV000001: Hibernate Validator 5.3.4.Final
2017-04-11 14:34:02,113  INFO RequestMappingHandlerAdapter:534 - Looking for @ControllerAdvice: org.springframework.web.context.support.GenericWebApplicationContext@481a996b: startup date [Tue Apr 11 14:33:58 CST 2017]; root of context hierarchy
2017-04-11 14:34:02,444  INFO RequestMappingHandlerMapping:543 - Mapped "{[/hello],methods=[GET]}" onto public java.lang.String com.com.demo.web.HelloController.hello(java.lang.String)
2017-04-11 14:34:02,450  INFO RequestMappingHandlerMapping:543 - Mapped "{[/error]}" onto public org.springframework.http.ResponseEntity<java.util.Map<java.lang.String, java.lang.Object>> org.springframework.boot.autoconfigure.web.BasicErrorController.error(javax.servlet.http.HttpServletRequest)
2017-04-11 14:34:02,453  INFO RequestMappingHandlerMapping:543 - Mapped "{[/error],produces=[text/html]}" onto public org.springframework.web.servlet.ModelAndView org.springframework.boot.autoconfigure.web.BasicErrorController.errorHtml(javax.servlet.http.HttpServletRequest,javax.servlet.http.HttpServletResponse)
2017-04-11 14:34:02,718  INFO SimpleUrlHandlerMapping:362 - Mapped URL path [/webjars/**] onto handler of type [class org.springframework.web.servlet.resource.ResourceHttpRequestHandler]
2017-04-11 14:34:02,724  INFO SimpleUrlHandlerMapping:362 - Mapped URL path [/**] onto handler of type [class org.springframework.web.servlet.resource.ResourceHttpRequestHandler]
2017-04-11 14:34:02,846  INFO SimpleUrlHandlerMapping:362 - Mapped URL path [/**/favicon.ico] onto handler of type [class org.springframework.web.servlet.resource.ResourceHttpRequestHandler]
2017-04-11 14:34:03,350  INFO ApplicationTests:57 - Started ApplicationTests in 5.039 seconds (JVM running for 5.731)
2017-04-11 14:34:03,555  INFO ApplicationTests:18 - 输出info
2017-04-11 14:34:03,559 DEBUG ApplicationTests:19 - 输出debug
2017-04-11 14:34:03,560 ERROR ApplicationTests:20 - 输出error
2017-04-11 14:34:03,594  INFO GenericWebApplicationContext:987 - Closing org.springframework.web.context.support.GenericWebApplicationContext@481a996b: startup date [Tue Apr 11 14:33:58 CST 2017]; root of context hierarchy
2017-04-11 14:47:29,443  INFO SpringBootTestContextBootstrapper:319 - Neither @ContextConfiguration nor @ContextHierarchy found for test class [com.didispace.ApplicationTests], using SpringBootContextLoader
2017-04-11 14:47:29,450  INFO AbstractContextLoader:264 - Could not detect default resource locations for test class [com.didispace.ApplicationTests]: no resource found for suffixes {-context.xml, Context.groovy}.
2017-04-11 14:47:29,523  INFO SpringBootTestContextBootstrapper:260 - Loaded default TestExecutionListener class names from location [META-INF/spring.factories]: [org.springframework.boot.test.mock.mockito.MockitoTestExecutionListener, org.springframework.boot.test.mock.mockito.ResetMocksTestExecutionListener, org.springframework.boot.test.autoconfigure.restdocs.RestDocsTestExecutionListener, org.springframework.boot.test.autoconfigure.web.client.MockRestServiceServerResetTestExecutionListener, org.springframework.boot.test.autoconfigure.web.servlet.MockMvcPrintOnlyOnFailureTestExecutionListener, org.springframework.boot.test.autoconfigure.web.servlet.WebDriverTestExecutionListener, org.springframework.test.context.web.ServletTestExecutionListener, org.springframework.test.context.support.DirtiesContextBeforeModesTestExecutionListener, org.springframework.test.context.support.DependencyInjectionTestExecutionListener, org.springframework.test.context.support.DirtiesContextTestExecutionListener, org.springframework.test.context.transaction.TransactionalTestExecutionListener, org.springframework.test.context.jdbc.SqlScriptsTestExecutionListener]
2017-04-11 14:47:29,541  INFO SpringBootTestContextBootstrapper:209 - Could not instantiate TestExecutionListener [org.springframework.test.context.jdbc.SqlScriptsTestExecutionListener]. Specify custom listener classes or make the default listener classes (and their required dependencies) available. Offending class: [org/springframework/transaction/interceptor/TransactionAttribute]
2017-04-11 14:47:29,544  INFO SpringBootTestContextBootstrapper:209 - Could not instantiate TestExecutionListener [org.springframework.test.context.transaction.TransactionalTestExecutionListener]. Specify custom listener classes or make the default listener classes (and their required dependencies) available. Offending class: [org/springframework/transaction/interceptor/TransactionAttributeSource]
2017-04-11 14:47:29,545  INFO SpringBootTestContextBootstrapper:187 - Using TestExecutionListeners: [org.springframework.test.context.web.ServletTestExecutionListener@396f6598, org.springframework.test.context.support.DirtiesContextBeforeModesTestExecutionListener@394e1a0f, org.springframework.boot.test.autoconfigure.SpringBootDependencyInjectionTestExecutionListener@27a5f880, org.springframework.test.context.support.DirtiesContextTestExecutionListener@1d29cf23, org.springframework.boot.test.mock.mockito.ResetMocksTestExecutionListener@5f282abb, org.springframework.boot.test.autoconfigure.web.client.MockRestServiceServerResetTestExecutionListener@167fdd33, org.springframework.boot.test.autoconfigure.web.servlet.MockMvcPrintOnlyOnFailureTestExecutionListener@1e965684, org.springframework.boot.test.autoconfigure.web.servlet.WebDriverTestExecutionListener@4d95d2a2, org.springframework.boot.test.autoconfigure.restdocs.RestDocsTestExecutionListener@53f65459, org.springframework.boot.test.mock.mockito.MockitoTestExecutionListener@3b088d51]
2017-04-11 14:47:29,863  INFO ApplicationTests:48 - Starting ApplicationTests on DESKTOP-30C6FC7 with PID 7436 (started by linxianqing in D:\code\poject\demo\demo\index4-2-4)
2017-04-11 14:47:29,864 DEBUG ApplicationTests:51 - Running with Spring Boot v1.5.2.RELEASE, Spring v4.3.7.RELEASE
2017-04-11 14:47:29,865  INFO ApplicationTests:637 - No active profile set, falling back to default profiles: default
2017-04-11 14:47:29,908  INFO GenericWebApplicationContext:582 - Refreshing org.springframework.web.context.support.GenericWebApplicationContext@481a996b: startup date [Tue Apr 11 14:47:29 CST 2017]; root of context hierarchy
2017-04-11 14:47:30,668  INFO Version:30 - HV000001: Hibernate Validator 5.3.4.Final
2017-04-11 14:47:32,543  INFO RequestMappingHandlerAdapter:534 - Looking for @ControllerAdvice: org.springframework.web.context.support.GenericWebApplicationContext@481a996b: startup date [Tue Apr 11 14:47:29 CST 2017]; root of context hierarchy
2017-04-11 14:47:32,631  INFO RequestMappingHandlerMapping:543 - Mapped "{[/hello],methods=[GET]}" onto public java.lang.String com.com.demo.web.HelloController.hello()
2017-04-11 14:47:32,636  INFO RequestMappingHandlerMapping:543 - Mapped "{[/error]}" onto public org.springframework.http.ResponseEntity<java.util.Map<java.lang.String, java.lang.Object>> org.springframework.boot.autoconfigure.web.BasicErrorController.error(javax.servlet.http.HttpServletRequest)
2017-04-11 14:47:32,637  INFO RequestMappingHandlerMapping:543 - Mapped "{[/error],produces=[text/html]}" onto public org.springframework.web.servlet.ModelAndView org.springframework.boot.autoconfigure.web.BasicErrorController.errorHtml(javax.servlet.http.HttpServletRequest,javax.servlet.http.HttpServletResponse)
2017-04-11 14:47:32,697  INFO SimpleUrlHandlerMapping:362 - Mapped URL path [/webjars/**] onto handler of type [class org.springframework.web.servlet.resource.ResourceHttpRequestHandler]
2017-04-11 14:47:32,699  INFO SimpleUrlHandlerMapping:362 - Mapped URL path [/**] onto handler of type [class org.springframework.web.servlet.resource.ResourceHttpRequestHandler]
2017-04-11 14:47:32,767  INFO SimpleUrlHandlerMapping:362 - Mapped URL path [/**/favicon.ico] onto handler of type [class org.springframework.web.servlet.resource.ResourceHttpRequestHandler]
2017-04-11 14:47:32,975  INFO ApplicationTests:57 - Started ApplicationTests in 3.319 seconds (JVM running for 3.976)
2017-04-11 14:47:33,022  INFO ApplicationTests:18 - 输出info
2017-04-11 14:47:33,023 DEBUG ApplicationTests:19 - 输出debug
2017-04-11 14:47:33,023 ERROR ApplicationTests:20 - 输出error
2017-04-11 14:47:33,029  INFO GenericWebApplicationContext:987 - Closing org.springframework.web.context.support.GenericWebApplicationContext@481a996b: startup date [Tue Apr 11 14:47:29 CST 2017]; root of context hierarchy
